<?xml version="1.0" encoding="UTF-8"?>
<!-- Generated by org.testng.reporters.JUnitReportReporter -->
<testsuite hostname="LAPTOP-0MRNG4Q3" failures="0" tests="2" name="testNGProgram.TestNG1stProgram" time="0.005" errors="0" timestamp="2022-07-27T15:38:23 IST" skipped="0">
  <testcase classname="testNGProgram.TestNG1stProgram" name="function1" time="0.003"/>
  <system-out/>
  <testcase classname="testNGProgram.TestNG1stProgram" name="function2" time="0.002"/>
  <system-out/>
</testsuite> <!-- testNGProgram.TestNG1stProgram -->
