<?xml version="1.0" encoding="UTF-8"?>
<!-- Generated by org.testng.reporters.JUnitReportReporter -->
<testsuite hostname="LAPTOP-0MRNG4Q3" failures="0" tests="3" name="testNGProgram.CheckParameterization" time="0.006" errors="0" timestamp="2022-07-27T16:55:58 IST" skipped="0">
  <testcase classname="testNGProgram.CheckParameterization" name="APILogin" time="0.004"/>
  <system-out/>
  <testcase classname="testNGProgram.CheckParameterization" name="webLogin" time="0.001"/>
  <system-out/>
  <testcase classname="testNGProgram.CheckParameterization" name="mobileLogin" time="0.001"/>
  <system-out/>
</testsuite> <!-- testNGProgram.CheckParameterization -->
