<?xml version="1.0" encoding="UTF-8"?>
<!-- Generated by org.testng.reporters.JUnitReportReporter -->
<testsuite hostname="LAPTOP-0MRNG4Q3" failures="0" tests="11" name="testNGProgram.CarLoan" time="0.005" errors="0" timestamp="2022-07-27T15:38:23 IST" skipped="3">
  <testcase classname="testNGProgram.CarLoan" name="webCarLoanLogin" time="0.001"/>
  <system-out/>
  <testcase classname="testNGProgram.CarLoan" name="Function1" time="0.000"/>
  <system-out/>
  <testcase classname="testNGProgram.CarLoan" name="Function2" time="0.001"/>
  <system-out/>
  <testcase classname="testNGProgram.CarLoan" name="mobileCarLoanLogin" time="0.000"/>
  <system-out/>
  <testcase classname="testNGProgram.CarLoan" name="Function2" time="0.000"/>
  <system-out/>
  <testcase classname="testNGProgram.CarLoan" name="webCarLoanLogin" time="0.001"/>
  <system-out/>
  <testcase classname="testNGProgram.CarLoan" name="Function1" time="0.001"/>
  <system-out/>
  <testcase classname="testNGProgram.CarLoan" name="mobileCarLoanLogin" time="0.001"/>
  <system-out/>
  <testcase classname="testNGProgram.CarLoan" name="APICarLoanLogin">
    <skipped/>
  </testcase> <!-- APICarLoanLogin -->
  <system-out/>
  <testcase classname="testNGProgram.CarLoan" name="APICarLoanLogin">
    <skipped/>
  </testcase> <!-- APICarLoanLogin -->
  <system-out/>
  <testcase classname="testNGProgram.CarLoan" name="APICarLoanLogin">
    <skipped/>
  </testcase> <!-- APICarLoanLogin -->
  <system-out/>
</testsuite> <!-- testNGProgram.CarLoan -->
