<?xml version="1.0" encoding="UTF-8"?>
<!-- Generated by org.testng.reporters.JUnitReportReporter -->
<testsuite hostname="LAPTOP-0MRNG4Q3" failures="0" tests="6" name="testNGProgram.CheckParameterization2" time="0.008" errors="0" timestamp="2022-07-27T17:34:14 IST" skipped="0">
  <testcase classname="testNGProgram.CheckParameterization2" name="getData" time="0.001"/>
  <system-out/>
  <testcase classname="testNGProgram.CheckParameterization2" name="APILogin" time="0.001"/>
  <system-out/>
  <testcase classname="testNGProgram.CheckParameterization2" name="getData" time="0.001"/>
  <system-out/>
  <testcase classname="testNGProgram.CheckParameterization2" name="mobileLogin" time="0.002"/>
  <system-out/>
  <testcase classname="testNGProgram.CheckParameterization2" name="getData" time="0.001"/>
  <system-out/>
  <testcase classname="testNGProgram.CheckParameterization2" name="webLogin" time="0.002"/>
  <system-out/>
</testsuite> <!-- testNGProgram.CheckParameterization2 -->
