<?xml version="1.0" encoding="UTF-8"?>
<!-- Generated by org.testng.reporters.JUnitReportReporter -->
<testsuite hostname="LAPTOP-0MRNG4Q3" failures="0" tests="3" name="testNGProgram.HomeLoan" time="0.003" errors="0" timestamp="2022-07-27T15:38:23 IST" skipped="0">
  <testcase classname="testNGProgram.HomeLoan" name="APIHomeLoanLogin" time="0.001"/>
  <system-out/>
  <testcase classname="testNGProgram.HomeLoan" name="mobileHomeLoanLogin" time="0.001"/>
  <system-out/>
  <testcase classname="testNGProgram.HomeLoan" name="webHomeLoanLogin" time="0.001"/>
  <system-out/>
</testsuite> <!-- testNGProgram.HomeLoan -->
